<?xml version="1.0" encoding="UTF-8" ?>
<testsuite failures="0" time="0.508" errors="0" skipped="0" tests="4" name="bdd.helloworld.RunCukesTest">
  <properties>
[...]
</properties>
  <testcase time="0.001" classname="Given I have a hello app \&quot;Hello\&quot;   " name="Given I have a hello app \&quot;Hello\&quot;   "/>
  <testcase time="0" classname="When I ask to say hello    " name="When I ask to say hello    "/>
  <testcase time="0" classname="Then it should answer with \&quot;Hello stefan\&quot;     " name="Then it should answer with \&quot;Hello stefan\&quot;     "/>
  <testcase time="0.001" classname="Scenario: Hello  " name="Scenario: Hello  "/>
</testsuite>